-------------------------------------------------------------------------------
Test set: org.centrale.tp_coutier_grandjean.PlateauTest
-------------------------------------------------------------------------------
Tests run: 7, Failures: 7, Errors: 0, Skipped: 0, Time elapsed: 0.031 sec <<< FAILURE!
org.centrale.tp_coutier_grandjean.PlateauTest.testVerifCombinaison()  Time elapsed: 0.006 sec  <<< FAILURE!
java.lang.NullPointerException: Cannot invoke "java.util.Scanner.nextInt()" because "scan" is null
	at org.centrale.tp_coutier_grandjean.Plateau.verifCombinaison(Plateau.java:261)
	at org.centrale.tp_coutier_grandjean.PlateauTest.testVerifCombinaison(PlateauTest.java:119)

org.centrale.tp_coutier_grandjean.PlateauTest.testNettoyerPlateau()  Time elapsed: 0.017 sec  <<< FAILURE!
org.opentest4j.AssertionFailedError: The test case is a prototype.
	at org.junit.jupiter.api.AssertionUtils.fail(AssertionUtils.java:39)
	at org.junit.jupiter.api.Assertions.fail(Assertions.java:109)
	at org.centrale.tp_coutier_grandjean.PlateauTest.testNettoyerPlateau(PlateauTest.java:54)

org.centrale.tp_coutier_grandjean.PlateauTest.testChoixCombinaison()  Time elapsed: 0.002 sec  <<< FAILURE!
java.lang.NullPointerException: Cannot invoke "java.util.Scanner.nextLine()" because "scan" is null
	at org.centrale.tp_coutier_grandjean.Plateau.choixPions(Plateau.java:183)
	at org.centrale.tp_coutier_grandjean.Plateau.choixCombinaison(Plateau.java:233)
	at org.centrale.tp_coutier_grandjean.PlateauTest.testChoixCombinaison(PlateauTest.java:105)

org.centrale.tp_coutier_grandjean.PlateauTest.testInitialisationPlateau()  Time elapsed: 0.001 sec  <<< FAILURE!
org.opentest4j.AssertionFailedError: The test case is a prototype.
	at org.junit.jupiter.api.AssertionUtils.fail(AssertionUtils.java:39)
	at org.junit.jupiter.api.Assertions.fail(Assertions.java:109)
	at org.centrale.tp_coutier_grandjean.PlateauTest.testInitialisationPlateau(PlateauTest.java:42)

org.centrale.tp_coutier_grandjean.PlateauTest.testChoixCode()  Time elapsed: 0.001 sec  <<< FAILURE!
java.lang.NullPointerException: Cannot invoke "java.util.Scanner.nextLine()" because "scan" is null
	at org.centrale.tp_coutier_grandjean.Plateau.choixPions(Plateau.java:183)
	at org.centrale.tp_coutier_grandjean.Plateau.choixCode(Plateau.java:215)
	at org.centrale.tp_coutier_grandjean.PlateauTest.testChoixCode(PlateauTest.java:92)

org.centrale.tp_coutier_grandjean.PlateauTest.testChoixPions()  Time elapsed: 0.001 sec  <<< FAILURE!
java.lang.NullPointerException: Cannot invoke "java.util.Scanner.nextLine()" because "scan" is null
	at org.centrale.tp_coutier_grandjean.Plateau.choixPions(Plateau.java:183)
	at org.centrale.tp_coutier_grandjean.PlateauTest.testChoixPions(PlateauTest.java:78)

org.centrale.tp_coutier_grandjean.PlateauTest.testAffichePlateau()  Time elapsed: 0 sec  <<< FAILURE!
java.lang.IndexOutOfBoundsException: Index 0 out of bounds for length 0
	at java.base/jdk.internal.util.Preconditions.outOfBounds(Preconditions.java:100)
	at java.base/jdk.internal.util.Preconditions.outOfBoundsCheckIndex(Preconditions.java:106)
	at java.base/jdk.internal.util.Preconditions.checkIndex(Preconditions.java:302)
	at java.base/java.util.Objects.checkIndex(Objects.java:359)
	at java.base/java.util.ArrayList.get(ArrayList.java:427)
	at org.centrale.tp_coutier_grandjean.Plateau.affichePlateau(Plateau.java:150)
	at org.centrale.tp_coutier_grandjean.PlateauTest.testAffichePlateau(PlateauTest.java:64)

